<?xml version="1.0" encoding="UTF-8"?>
<testng-results skipped="0" failed="2" total="2" passed="0">
  <reporter-output>
    <line>
      <![CDATA[======++++ Browser Session Started ++++======]]>
    </line>
    <line>
      <![CDATA[======++++ Application Started ++++======]]>
    </line>
    <line>
      <![CDATA[======++++ Brwoser Session Ended ++++======]]>
    </line>
  </reporter-output>
  <suite name="Default suite" duration-ms="6059" started-at="2016-11-04T19:06:07Z" finished-at="2016-11-04T19:06:13Z">
    <groups>
    </groups>
    <test name="Default test" duration-ms="6059" started-at="2016-11-04T19:06:07Z" finished-at="2016-11-04T19:06:13Z">
      <class name="com.nimbus.testcase.TestCases">
        <test-method status="FAIL" signature="ValidUser()[pri:0, instance:com.nimbus.testcase.TestCases@5442a311]" name="ValidUser" duration-ms="350" started-at="2016-11-04T15:06:12Z" finished-at="2016-11-04T15:06:13Z">
          <exception class="java.lang.NullPointerException">
            <full-stacktrace>
              <![CDATA[java.lang.NullPointerException
	at org.openqa.selenium.support.pagefactory.DefaultElementLocator.findElement(DefaultElementLocator.java:69)
	at org.openqa.selenium.support.pagefactory.internal.LocatingElementHandler.invoke(LocatingElementHandler.java:38)
	at com.sun.proxy.$Proxy8.sendKeys(Unknown Source)
	at com.nimbus.pages.LoginPage.login_nimbus(LoginPage.java:83)
	at com.nimbus.testcase.TestCases.ValidUser(TestCases.java:45)
	at sun.reflect.NativeMethodAccessorImpl.invoke0(Native Method)
	at sun.reflect.NativeMethodAccessorImpl.invoke(NativeMethodAccessorImpl.java:62)
	at sun.reflect.DelegatingMethodAccessorImpl.invoke(DelegatingMethodAccessorImpl.java:43)
	at java.lang.reflect.Method.invoke(Method.java:498)
	at org.testng.internal.MethodInvocationHelper.invokeMethod(MethodInvocationHelper.java:80)
	at org.testng.internal.Invoker.invokeMethod(Invoker.java:714)
	at org.testng.internal.Invoker.invokeTestMethod(Invoker.java:901)
	at org.testng.internal.Invoker.invokeTestMethods(Invoker.java:1231)
	at org.testng.internal.TestMethodWorker.invokeTestMethods(TestMethodWorker.java:127)
	at org.testng.internal.TestMethodWorker.run(TestMethodWorker.java:111)
	at org.testng.TestRunner.privateRun(TestRunner.java:767)
	at org.testng.TestRunner.run(TestRunner.java:617)
	at org.testng.SuiteRunner.runTest(SuiteRunner.java:334)
	at org.testng.SuiteRunner.runSequentially(SuiteRunner.java:329)
	at org.testng.SuiteRunner.privateRun(SuiteRunner.java:291)
	at org.testng.SuiteRunner.run(SuiteRunner.java:240)
	at org.testng.SuiteRunnerWorker.runSuite(SuiteRunnerWorker.java:52)
	at org.testng.SuiteRunnerWorker.run(SuiteRunnerWorker.java:86)
	at org.testng.TestNG.runSuitesSequentially(TestNG.java:1198)
	at org.testng.TestNG.runSuitesLocally(TestNG.java:1123)
	at org.testng.TestNG.run(TestNG.java:1031)
	at org.testng.remote.AbstractRemoteTestNG.run(AbstractRemoteTestNG.java:132)
	at org.testng.remote.RemoteTestNG.initAndRun(RemoteTestNG.java:236)
	at org.testng.remote.RemoteTestNG.main(RemoteTestNG.java:81)
]]>
            </full-stacktrace>
          </exception> <!-- java.lang.NullPointerException -->
          <reporter-output>
          </reporter-output>
        </test-method> <!-- ValidUser -->
        <test-method status="PASS" signature="captureScreenshot(org.testng.ITestResult)[pri:0, instance:com.nimbus.testcase.TestCases@5442a311]" name="captureScreenshot" is-config="true" duration-ms="3" started-at="2016-11-04T15:06:13Z" finished-at="2016-11-04T15:06:13Z">
          <params>
            <param index="0">
              <value>
                <![CDATA[[TestResult name=ValidUser status=FAILURE method=TestCases.ValidUser()[pri:0, instance:com.nimbus.testcase.TestCases@5442a311] output={null}]]]>
              </value>
            </param>
          </params>
          <reporter-output>
          </reporter-output>
        </test-method> <!-- captureScreenshot -->
        <test-method status="FAIL" signature="Disclaimer()[pri:0, instance:com.nimbus.testcase.TestCases@5442a311]" name="Disclaimer" duration-ms="1" started-at="2016-11-04T15:06:13Z" finished-at="2016-11-04T15:06:13Z">
          <exception class="java.lang.NullPointerException">
            <full-stacktrace>
              <![CDATA[java.lang.NullPointerException
	at org.openqa.selenium.support.pagefactory.DefaultElementLocator.findElement(DefaultElementLocator.java:69)
	at org.openqa.selenium.support.pagefactory.internal.LocatingElementHandler.invoke(LocatingElementHandler.java:38)
	at com.sun.proxy.$Proxy8.click(Unknown Source)
	at com.nimbus.pages.DisclaimerPage.acceptDisclaimer(DisclaimerPage.java:48)
	at com.nimbus.testcase.TestCases.Disclaimer(TestCases.java:56)
	at sun.reflect.NativeMethodAccessorImpl.invoke0(Native Method)
	at sun.reflect.NativeMethodAccessorImpl.invoke(NativeMethodAccessorImpl.java:62)
	at sun.reflect.DelegatingMethodAccessorImpl.invoke(DelegatingMethodAccessorImpl.java:43)
	at java.lang.reflect.Method.invoke(Method.java:498)
	at org.testng.internal.MethodInvocationHelper.invokeMethod(MethodInvocationHelper.java:80)
	at org.testng.internal.Invoker.invokeMethod(Invoker.java:714)
	at org.testng.internal.Invoker.invokeTestMethod(Invoker.java:901)
	at org.testng.internal.Invoker.invokeTestMethods(Invoker.java:1231)
	at org.testng.internal.TestMethodWorker.invokeTestMethods(TestMethodWorker.java:127)
	at org.testng.internal.TestMethodWorker.run(TestMethodWorker.java:111)
	at org.testng.TestRunner.privateRun(TestRunner.java:767)
	at org.testng.TestRunner.run(TestRunner.java:617)
	at org.testng.SuiteRunner.runTest(SuiteRunner.java:334)
	at org.testng.SuiteRunner.runSequentially(SuiteRunner.java:329)
	at org.testng.SuiteRunner.privateRun(SuiteRunner.java:291)
	at org.testng.SuiteRunner.run(SuiteRunner.java:240)
	at org.testng.SuiteRunnerWorker.runSuite(SuiteRunnerWorker.java:52)
	at org.testng.SuiteRunnerWorker.run(SuiteRunnerWorker.java:86)
	at org.testng.TestNG.runSuitesSequentially(TestNG.java:1198)
	at org.testng.TestNG.runSuitesLocally(TestNG.java:1123)
	at org.testng.TestNG.run(TestNG.java:1031)
	at org.testng.remote.AbstractRemoteTestNG.run(AbstractRemoteTestNG.java:132)
	at org.testng.remote.RemoteTestNG.initAndRun(RemoteTestNG.java:236)
	at org.testng.remote.RemoteTestNG.main(RemoteTestNG.java:81)
]]>
            </full-stacktrace>
          </exception> <!-- java.lang.NullPointerException -->
          <reporter-output>
          </reporter-output>
        </test-method> <!-- Disclaimer -->
        <test-method status="PASS" signature="captureScreenshot(org.testng.ITestResult)[pri:0, instance:com.nimbus.testcase.TestCases@5442a311]" name="captureScreenshot" is-config="true" duration-ms="0" started-at="2016-11-04T15:06:13Z" finished-at="2016-11-04T15:06:13Z">
          <params>
            <param index="0">
              <value>
                <![CDATA[[TestResult name=Disclaimer status=FAILURE method=TestCases.Disclaimer()[pri:0, instance:com.nimbus.testcase.TestCases@5442a311] output={null}]]]>
              </value>
            </param>
          </params>
          <reporter-output>
          </reporter-output>
        </test-method> <!-- captureScreenshot -->
      </class> <!-- com.nimbus.testcase.TestCases -->
      <class name="utility.UtilityClass">
        <test-method status="PASS" signature="setupDriver()[pri:0, instance:utility.UtilityClass@1794d431]" name="setupDriver" is-config="true" duration-ms="5449" started-at="2016-11-04T15:06:07Z" finished-at="2016-11-04T15:06:12Z">
          <reporter-output>
            <line>
              <![CDATA[======++++ Browser Session Started ++++======]]>
            </line>
            <line>
              <![CDATA[======++++ Application Started ++++======]]>
            </line>
          </reporter-output>
        </test-method> <!-- setupDriver -->
        <test-method status="PASS" signature="closeApp()[pri:0, instance:utility.UtilityClass@1794d431]" name="closeApp" is-config="true" duration-ms="247" started-at="2016-11-04T15:06:13Z" finished-at="2016-11-04T15:06:13Z">
          <reporter-output>
            <line>
              <![CDATA[======++++ Brwoser Session Ended ++++======]]>
            </line>
          </reporter-output>
        </test-method> <!-- closeApp -->
      </class> <!-- utility.UtilityClass -->
    </test> <!-- Default test -->
  </suite> <!-- Default suite -->
</testng-results>
